  MyComplex.cpp
  MyDate.cpp
  MyString.cpp
D:\Project\MyStl\MyStl\MyString.cpp(133,1): warning C4267: “初始化”: 从“size_t”转换到“int”，可能丢失数据
D:\Project\MyStl\MyStl\MyString.cpp(137,1): warning C4267: “初始化”: 从“size_t”转换到“int”，可能丢失数据
D:\Project\MyStl\MyStl\MyString.cpp(142,1): warning C4267: “初始化”: 从“size_t”转换到“int”，可能丢失数据
D:\Project\MyStl\MyStl\MyString.cpp(163,1): warning C4267: “初始化”: 从“size_t”转换到“int”，可能丢失数据
D:\Project\MyStl\MyStl\MyString.cpp(228,27): warning C4244: “初始化”: 从“float”转换到“size_t”，可能丢失数据
D:\Project\MyStl\MyStl\MyString.cpp(231,17): warning C4244: “=”: 从“float”转换到“size_t”，可能丢失数据
D:\Project\MyStl\MyStl\MyString.cpp(251,1): warning C4267: “初始化”: 从“size_t”转换到“int”，可能丢失数据
D:\Project\MyStl\MyStl\MyString.cpp(253,1): warning C4267: “初始化”: 从“size_t”转换到“int”，可能丢失数据
D:\Project\MyStl\MyStl\MyString.cpp(255,1): warning C4267: “初始化”: 从“size_t”转换到“int”，可能丢失数据
D:\Project\MyStl\MyStl\MyString.cpp(266,1): warning C4267: “初始化”: 从“size_t”转换到“int”，可能丢失数据
D:\Project\MyStl\MyStl\MyString.cpp(301,1): warning C4267: “初始化”: 从“size_t”转换到“int”，可能丢失数据
D:\Project\MyStl\MyStl\MyString.cpp(320,1): warning C4267: “初始化”: 从“size_t”转换到“int”，可能丢失数据
D:\Project\MyStl\MyStl\MyString.cpp(340,19): warning C4244: “初始化”: 从“__int64”转换到“int”，可能丢失数据
D:\Project\MyStl\MyStl\MyString.cpp(351,1): warning C4267: “初始化”: 从“size_t”转换到“int”，可能丢失数据
  MyTest.cpp
  MyVector.cpp
  RuturnByReference.cpp
  正在生成代码...
D:\Project\MyStl\MyStl\MyString.cpp(179): warning C4172: 返回局部变量或临时变量的地址: Ret
D:\Project\MyStl\MyStl\MyString.cpp(246): warning C4715: “String::loopInside”: 不是所有的控件路径都返回值
  MyStl.vcxproj -> D:\Project\MyStl\x64\Debug\MyPractice.exe
